<?xml version="1.0" encoding="UTF-8"?>
<!-- Generated by org.testng.reporters.JUnitReportReporter -->
<testsuite hostname="Highbury" name="scrappers.FPL_multinavigator" tests="1" failures="0" timestamp="11 Oct 2021 21:19:42 GMT" time="23.341" errors="0">
  <testcase name="iteraetor" time="23.341" classname="scrappers.FPL_multinavigator"/>
</testsuite> <!-- scrappers.FPL_multinavigator -->
