<?xml version="1.0" encoding="UTF-8"?>
<!-- Generated by org.testng.reporters.JUnitReportReporter -->
<testsuite hostname="Highbury" name="scrappers.FPL_League_nameMgrId_Extractor" tests="1" failures="0" timestamp="24 Nov 2021 23:58:18 GMT" time="38.584" errors="0">
  <testcase name="GeneralLeaguePicker" time="38.584" classname="scrappers.FPL_League_nameMgrId_Extractor"/>
</testsuite> <!-- scrappers.FPL_League_nameMgrId_Extractor -->
