<?xml version="1.0" encoding="UTF-8"?>
<!-- Generated by org.testng.reporters.JUnitReportReporter -->
<testsuite hostname="Highbury" name="validationofdifferenttestcases.EmptyUserCheck" tests="1" failures="0" timestamp="19 Jul 2021 14:50:17 GMT" time="34.040" errors="0">
  <testcase name="yumptyUserNameCHeck" time="34.040" classname="validationofdifferenttestcases.EmptyUserCheck"/>
</testsuite> <!-- validationofdifferenttestcases.EmptyUserCheck -->
