<?xml version="1.0" encoding="UTF-8"?>
<!-- Generated by org.testng.reporters.JUnitReportReporter -->
<testsuite hostname="Highbury" name="scrappers.FPL_RoC_Lge_Scrapper" tests="1" failures="0" timestamp="6 Nov 2021 14:46:10 GMT" time="503.867" errors="0">
  <testcase name="iteraetor" time="503.867" classname="scrappers.FPL_RoC_Lge_Scrapper"/>
</testsuite> <!-- scrappers.FPL_RoC_Lge_Scrapper -->
