<?xml version="1.0" encoding="UTF-8"?>
<!-- Generated by org.testng.reporters.JUnitReportReporter -->
<testsuite hostname="Highbury" name="scrappers.FPL_scrapper_advanched" tests="1" failures="0" timestamp="23 Oct 2021 19:15:53 GMT" time="860.189" errors="0">
  <testcase name="iteraetor" time="860.189" classname="scrappers.FPL_scrapper_advanched"/>
</testsuite> <!-- scrappers.FPL_scrapper_advanched -->
