<?xml version="1.0" encoding="UTF-8"?>
<!-- Generated by org.testng.reporters.JUnitReportReporter -->
<testsuite hostname="Highbury" name="validationofdifferenttestcases.gpsDrei" tests="1" failures="0" timestamp="29 Jul 2021 20:08:03 GMT" time="46.993" errors="0">
  <testcase name="gpsExcel" time="46.993" classname="validationofdifferenttestcases.gpsDrei"/>
</testsuite> <!-- validationofdifferenttestcases.gpsDrei -->
