<?xml version="1.0" encoding="UTF-8"?>
<!-- Generated by org.testng.reporters.JUnitReportReporter -->
<testsuite hostname="Highbury" name="scrappers.Sprinter" tests="1" failures="0" timestamp="8 Sep 2021 21:04:42 GMT" time="49.735" errors="0">
  <testcase name="superSprinter" time="49.735" classname="scrappers.Sprinter"/>
</testsuite> <!-- scrappers.Sprinter -->
