<?xml version="1.0" encoding="UTF-8"?>
<!-- Generated by org.testng.reporters.JUnitReportReporter -->
<testsuite hostname="Highbury" name="scrappers.FPL_RoC_Lge_Scrapper" tests="1" failures="0" timestamp="20 Nov 2021 15:07:26 GMT" time="472.310" errors="0">
  <testcase name="iteraetor" time="472.310" classname="scrappers.FPL_RoC_Lge_Scrapper"/>
</testsuite> <!-- scrappers.FPL_RoC_Lge_Scrapper -->
