<?xml version="1.0" encoding="UTF-8"?>
<!-- Generated by org.testng.reporters.JUnitReportReporter -->
<testsuite hostname="Highbury" name="validationofdifferenttestcases.excelTempTracker" tests="1" failures="0" timestamp="1 Aug 2021 20:28:01 GMT" time="262.953" errors="0">
  <testcase name="iteraetor" time="262.953" classname="validationofdifferenttestcases.excelTempTracker"/>
</testsuite> <!-- validationofdifferenttestcases.excelTempTracker -->
