<?xml version="1.0" encoding="UTF-8"?>
<!-- Generated by org.testng.reporters.JUnitReportReporter -->
<testsuite hostname="Highbury" name="com.test.DazEins" tests="1" failures="0" timestamp="19 Jul 2021 14:48:35 GMT" time="0.004" errors="0">
  <testcase name="FirstAm" time="0.004" classname="com.test.DazEins"/>
</testsuite> <!-- com.test.DazEins -->
