<?xml version="1.0" encoding="UTF-8"?>
<!-- Generated by org.testng.reporters.JUnitReportReporter -->
<testsuite hostname="Highbury" name="scrappers.FPL_scrapper_zussamem" tests="2" failures="0" timestamp="30 Nov 2021 00:37:40 GMT" time="1931.183" errors="0">
  <testcase name="FPL6" time="1399.617" classname="scrappers.FPL_scrapper_zussamem"/>
  <testcase name="RoC" time="531.566" classname="scrappers.FPL_scrapper_zussamem"/>
</testsuite> <!-- scrappers.FPL_scrapper_zussamem -->
