<?xml version="1.0" encoding="UTF-8"?>
<!-- Generated by org.testng.reporters.JUnitReportReporter -->
<testsuite hostname="Highbury" name="validationofdifferenttestcases.gpsDrei" tests="1" failures="0" timestamp="27 Jul 2021 22:59:35 GMT" time="33.584" errors="0">
  <testcase name="gpsExcel" time="33.584" classname="validationofdifferenttestcases.gpsDrei"/>
</testsuite> <!-- validationofdifferenttestcases.gpsDrei -->
