<?xml version="1.0" encoding="UTF-8"?>
<!-- Generated by org.testng.reporters.JUnitReportReporter -->
<testsuite hostname="Highbury" name="scrappers.FPL_scrapper_advanched" tests="3" failures="0" timestamp="28 Nov 2021 12:50:02 GMT" time="5035.319" errors="0">
  <testcase name="comics" time="2482.399" classname="scrappers.FPL_scrapper_advanched"/>
  <testcase name="FPL6" time="1016.267" classname="scrappers.FPL_scrapper_advanched"/>
  <testcase name="StarsSports" time="1536.653" classname="scrappers.FPL_scrapper_advanched"/>
</testsuite> <!-- scrappers.FPL_scrapper_advanched -->
