<?xml version="1.0" encoding="UTF-8"?>
<!-- Generated by org.testng.reporters.JUnitReportReporter -->
<testsuite hostname="Highbury" name="com.test.DazEins" tests="1" failures="0" timestamp="22 Sep 2020 06:16:48 GMT" time="0.005" errors="0">
  <testcase name="FirstAm" time="0.005" classname="com.test.DazEins"/>
</testsuite> <!-- com.test.DazEins -->
