<?xml version="1.0" encoding="UTF-8"?>
<!-- Generated by org.testng.reporters.JUnitReportReporter -->
<testsuite hostname="Highbury" name="scrappers.FPL_scrapper_zussamem" tests="1" failures="0" timestamp="12 Jan 2022 23:28:02 GMT" time="149.001" errors="0">
  <testcase name="test" time="149.001" classname="scrappers.FPL_scrapper_zussamem"/>
</testsuite> <!-- scrappers.FPL_scrapper_zussamem -->
