<?xml version="1.0" encoding="UTF-8"?>
<!-- Generated by org.testng.reporters.JUnitReportReporter -->
<testsuite hostname="Highbury" name="validationofdifferenttestcases.gpsVier" tests="1" failures="0" timestamp="9 Jun 2020 21:26:39 GMT" time="2.181" errors="0">
  <testcase name="tryere" time="2.181" classname="validationofdifferenttestcases.gpsVier"/>
</testsuite> <!-- validationofdifferenttestcases.gpsVier -->
