<?xml version="1.0" encoding="UTF-8"?>
<!-- Generated by org.testng.reporters.JUnitReportReporter -->
<testsuite hostname="Highbury" name="scrappers.FPL_RoC_Lge_Scrapper" tests="1" failures="0" timestamp="22 Nov 2021 22:31:18 GMT" time="469.329" errors="0">
  <testcase name="iteraetor" time="469.329" classname="scrappers.FPL_RoC_Lge_Scrapper"/>
</testsuite> <!-- scrappers.FPL_RoC_Lge_Scrapper -->
