<?xml version="1.0" encoding="UTF-8"?>
<!-- Generated by org.testng.reporters.JUnitReportReporter -->
<testsuite hostname="Highbury" name="scrappers.FPL_RoC_Lge_Scrapper" tests="1" failures="0" timestamp="8 Nov 2021 09:42:32 GMT" time="427.415" errors="0">
  <testcase name="iteraetor" time="427.415" classname="scrappers.FPL_RoC_Lge_Scrapper"/>
</testsuite> <!-- scrappers.FPL_RoC_Lge_Scrapper -->
