<?xml version="1.0" encoding="UTF-8"?>
<!-- Generated by org.testng.reporters.JUnitReportReporter -->
<testsuite hostname="Highbury" name="validationofdifferenttestcases.openWeatherAPI" tests="1" failures="0" timestamp="22 Jul 2021 06:58:42 GMT" time="57.309" errors="0">
  <testcase name="weatherAPI" time="57.309" classname="validationofdifferenttestcases.openWeatherAPI"/>
</testsuite> <!-- validationofdifferenttestcases.openWeatherAPI -->
