<?xml version="1.0" encoding="UTF-8"?>
<!-- Generated by org.testng.reporters.JUnitReportReporter -->
<testsuite hostname="Highbury" name="scrappers.FPL_scrapper_zussamem" tests="2" failures="0" timestamp="4 Jan 2022 22:13:40 GMT" time="1579.969" errors="0">
  <testcase name="FPL6" time="1032.758" classname="scrappers.FPL_scrapper_zussamem"/>
  <testcase name="RoC" time="547.211" classname="scrappers.FPL_scrapper_zussamem"/>
</testsuite> <!-- scrappers.FPL_scrapper_zussamem -->
