<?xml version="1.0" encoding="UTF-8"?>
<!-- Generated by org.testng.reporters.JUnitReportReporter -->
<testsuite hostname="Highbury" name="validationofdifferenttestcases.gpsVier" tests="1" failures="0" timestamp="30 Aug 2020 22:45:57 GMT" time="3.392" errors="0">
  <testcase name="starterrr" time="3.392" classname="validationofdifferenttestcases.gpsVier"/>
</testsuite> <!-- validationofdifferenttestcases.gpsVier -->
