<?xml version="1.0" encoding="UTF-8"?>
<!-- Generated by org.testng.reporters.JUnitReportReporter -->
<testsuite hostname="Highbury" name="scrappers.FPL_RoC_Lge_Scrapper" tests="1" failures="0" timestamp="21 Nov 2021 18:21:20 GMT" time="463.049" errors="0">
  <testcase name="iteraetor" time="463.049" classname="scrappers.FPL_RoC_Lge_Scrapper"/>
</testsuite> <!-- scrappers.FPL_RoC_Lge_Scrapper -->
