<?xml version="1.0" encoding="UTF-8"?>
<!-- Generated by org.testng.reporters.JUnitReportReporter -->
<testsuite hostname="Highbury" name="scrappers.FPL_scrapper_zussamem" tests="2" failures="0" timestamp="31 Dec 2021 12:01:50 GMT" time="1699.923" errors="0">
  <testcase name="comics" time="256.714" classname="scrappers.FPL_scrapper_zussamem"/>
  <testcase name="StarsSports" time="1443.209" classname="scrappers.FPL_scrapper_zussamem"/>
</testsuite> <!-- scrappers.FPL_scrapper_zussamem -->
