<?xml version="1.0" encoding="UTF-8"?>
<!-- Generated by org.testng.reporters.JUnitReportReporter -->
<testsuite hostname="Highbury" name="scrappers.FPL_scrapper_advanched" tests="1" failures="0" timestamp="20 Nov 2021 23:53:55 GMT" time="951.210" errors="0">
  <testcase name="iteraetor" time="951.210" classname="scrappers.FPL_scrapper_advanched"/>
</testsuite> <!-- scrappers.FPL_scrapper_advanched -->
