<?xml version="1.0" encoding="UTF-8"?>
<!-- Generated by org.testng.reporters.JUnitReportReporter -->
<testsuite hostname="Highbury" name="scrappers.Sprinter" tests="1" failures="0" timestamp="8 Sep 2021 21:26:52 GMT" time="73.291" errors="0">
  <testcase name="superSprinter" time="73.291" classname="scrappers.Sprinter"/>
</testsuite> <!-- scrappers.Sprinter -->
