<?xml version="1.0" encoding="UTF-8"?>
<!-- Generated by org.testng.reporters.JUnitReportReporter -->
<testsuite hostname="Highbury" name="validationofdifferenttestcases.EmptyUserCheck" tests="1" failures="0" timestamp="27 Jan 2021 18:42:57 GMT" time="22.032" errors="0">
  <testcase name="yumptyUserNameCHeck" time="22.032" classname="validationofdifferenttestcases.EmptyUserCheck"/>
</testsuite> <!-- validationofdifferenttestcases.EmptyUserCheck -->
