<?xml version="1.0" encoding="UTF-8"?>
<!-- Generated by org.testng.reporters.JUnitReportReporter -->
<testsuite hostname="Highbury" name="scrappers.FPL_scrapper_zussamem" tests="1" failures="0" timestamp="2 Dec 2021 00:30:03 GMT" time="507.649" errors="0">
  <testcase name="RoC" time="507.649" classname="scrappers.FPL_scrapper_zussamem"/>
</testsuite> <!-- scrappers.FPL_scrapper_zussamem -->
