<?xml version="1.0" encoding="UTF-8"?>
<!-- Generated by org.testng.reporters.JUnitReportReporter -->
<testsuite hostname="Highbury" name="scrappers.FPL_scrapper_zussamem" tests="1" failures="0" timestamp="18 Dec 2021 21:21:52 GMT" time="1017.556" errors="0">
  <testcase name="FPL6" time="1017.556" classname="scrappers.FPL_scrapper_zussamem"/>
</testsuite> <!-- scrappers.FPL_scrapper_zussamem -->
