<?xml version="1.0" encoding="UTF-8"?>
<!-- Generated by org.testng.reporters.JUnitReportReporter -->
<testsuite hostname="Highbury" name="validationofdifferenttestcases.excelWithWeatherApp" tests="1" failures="0" timestamp="31 Jul 2021 21:49:29 GMT" time="105.663" errors="0">
  <testcase name="iteraetor" time="105.663" classname="validationofdifferenttestcases.excelWithWeatherApp"/>
</testsuite> <!-- validationofdifferenttestcases.excelWithWeatherApp -->
