<?xml version="1.0" encoding="UTF-8"?>
<!-- Generated by org.testng.reporters.JUnitReportReporter -->
<testsuite hostname="Highbury" name="validationofdifferenttestcases.excelTempTracker" tests="1" failures="0" timestamp="1 Sep 2021 15:12:05 GMT" time="2367.578" errors="0">
  <testcase name="iteraetor" time="2367.578" classname="validationofdifferenttestcases.excelTempTracker"/>
</testsuite> <!-- validationofdifferenttestcases.excelTempTracker -->
