<?xml version="1.0" encoding="UTF-8"?>
<!-- Generated by org.testng.reporters.JUnitReportReporter -->
<testsuite hostname="Highbury" name="scrappers.Sprinter" tests="1" failures="0" timestamp="4 Oct 2021 00:09:09 GMT" time="118.567" errors="0">
  <testcase name="superSprinter" time="118.567" classname="scrappers.Sprinter"/>
</testsuite> <!-- scrappers.Sprinter -->
