<?xml version="1.0" encoding="UTF-8"?>
<!-- Generated by org.testng.reporters.JUnitReportReporter -->
<testsuite hostname="Highbury" name="validationofdifferenttestcases.excelTempTracker" tests="1" failures="0" timestamp="3 Aug 2021 20:25:11 GMT" time="89.031" errors="0">
  <testcase name="iteraetor" time="89.031" classname="validationofdifferenttestcases.excelTempTracker"/>
</testsuite> <!-- validationofdifferenttestcases.excelTempTracker -->
