<?xml version="1.0" encoding="UTF-8"?>
<!-- Generated by org.testng.reporters.JUnitReportReporter -->
<testsuite hostname="Highbury" name="scrappers.FPL_multinavigator" tests="1" failures="0" timestamp="21 Oct 2021 20:43:13 GMT" time="42.684" errors="0">
  <testcase name="iteraetor" time="42.684" classname="scrappers.FPL_multinavigator"/>
</testsuite> <!-- scrappers.FPL_multinavigator -->
