<?xml version="1.0" encoding="UTF-8"?>
<!-- Generated by org.testng.reporters.JUnitReportReporter -->
<testsuite hostname="Highbury" name="validationofdifferenttestcases.UsernameLessThanSixChars" tests="1" failures="0" timestamp="20 Dec 2020 18:46:52 GMT" time="23.753" errors="0">
  <testcase name="UsernameLessThanSixChars" time="23.753" classname="validationofdifferenttestcases.UsernameLessThanSixChars"/>
</testsuite> <!-- validationofdifferenttestcases.UsernameLessThanSixChars -->
