<?xml version="1.0" encoding="UTF-8"?>
<!-- Generated by org.testng.reporters.JUnitReportReporter -->
<testsuite hostname="Highbury" name="validationofdifferenttestcases.FPLscrapper" tests="1" failures="0" timestamp="30 Aug 2021 23:19:24 GMT" time="100.683" errors="0">
  <testcase name="iteraetor" time="100.683" classname="validationofdifferenttestcases.FPLscrapper"/>
</testsuite> <!-- validationofdifferenttestcases.FPLscrapper -->
