<?xml version="1.0" encoding="UTF-8"?>
<!-- Generated by org.testng.reporters.JUnitReportReporter -->
<testsuite hostname="Highbury" name="scrappers.FPL_scrapper_zussamem" tests="2" failures="0" timestamp="21 Dec 2021 21:25:21 GMT" time="2054.220" errors="0">
  <testcase name="StarsSports" time="1530.309" classname="scrappers.FPL_scrapper_zussamem"/>
  <testcase name="RoC" time="523.911" classname="scrappers.FPL_scrapper_zussamem"/>
</testsuite> <!-- scrappers.FPL_scrapper_zussamem -->
