<?xml version="1.0" encoding="UTF-8"?>
<!-- Generated by org.testng.reporters.JUnitReportReporter -->
<testsuite hostname="Highbury" name="scrappers.FPL_Top30_Lge_Scrapper" tests="1" failures="0" timestamp="6 Nov 2021 23:37:48 GMT" time="2019.032" errors="0">
  <testcase name="iteraetor" time="2019.032" classname="scrappers.FPL_Top30_Lge_Scrapper"/>
</testsuite> <!-- scrappers.FPL_Top30_Lge_Scrapper -->
