<?xml version="1.0" encoding="UTF-8"?>
<!-- Generated by org.testng.reporters.JUnitReportReporter -->
<testsuite hostname="Highbury" name="validationofdifferenttestcases.FPLscrapper" tests="1" failures="0" timestamp="17 Aug 2021 22:52:02 GMT" time="97.247" errors="0">
  <testcase name="iteraetor" time="97.247" classname="validationofdifferenttestcases.FPLscrapper"/>
</testsuite> <!-- validationofdifferenttestcases.FPLscrapper -->
