<?xml version="1.0" encoding="UTF-8"?>
<!-- Generated by org.testng.reporters.JUnitReportReporter -->
<testsuite hostname="Highbury" name="validationofdifferenttestcases.FPLscrapper" tests="1" failures="0" timestamp="2 Oct 2021 22:46:13 GMT" time="144.715" errors="0">
  <testcase name="iteraetor" time="144.715" classname="validationofdifferenttestcases.FPLscrapper"/>
</testsuite> <!-- validationofdifferenttestcases.FPLscrapper -->
