<?xml version="1.0" encoding="UTF-8"?>
<!-- Generated by org.testng.reporters.JUnitReportReporter -->
<testsuite hostname="Highbury" name="scrappers.FPL_scrapper_zussamem" tests="2" failures="0" timestamp="1 Dec 2021 22:26:40 GMT" time="1513.270" errors="0">
  <testcase name="FPL6" time="1039.393" classname="scrappers.FPL_scrapper_zussamem"/>
  <testcase name="RoC" time="473.877" classname="scrappers.FPL_scrapper_zussamem"/>
</testsuite> <!-- scrappers.FPL_scrapper_zussamem -->
