<?xml version="1.0" encoding="UTF-8"?>
<!-- Generated by org.testng.reporters.JUnitReportReporter -->
<testsuite hostname="Highbury" name="scrappers.FPL_multinavigator" tests="1" failures="0" timestamp="12 Oct 2021 23:58:52 GMT" time="33.898" errors="0">
  <testcase name="iteraetor" time="33.898" classname="scrappers.FPL_multinavigator"/>
</testsuite> <!-- scrappers.FPL_multinavigator -->
