<?xml version="1.0" encoding="UTF-8"?>
<!-- Generated by org.testng.reporters.JUnitReportReporter -->
<testsuite hostname="Highbury" name="scrappers.FPL_multinavigator" tests="1" failures="0" timestamp="16 Nov 2021 22:34:22 GMT" time="75.027" errors="0">
  <testcase name="iteraetor" time="75.027" classname="scrappers.FPL_multinavigator"/>
</testsuite> <!-- scrappers.FPL_multinavigator -->
