<?xml version="1.0" encoding="UTF-8"?>
<!-- Generated by org.testng.reporters.JUnitReportReporter -->
<testsuite hostname="Highbury" name="validationofdifferenttestcases.FPLscrapper" tests="1" failures="0" timestamp="28 Sep 2021 12:37:30 GMT" time="751.498" errors="0">
  <testcase name="iteraetor" time="751.498" classname="validationofdifferenttestcases.FPLscrapper"/>
</testsuite> <!-- validationofdifferenttestcases.FPLscrapper -->
