<?xml version="1.0" encoding="UTF-8"?>
<!-- Generated by org.testng.reporters.JUnitReportReporter -->
<testsuite hostname="Highbury" name="scrappers.FPL_Top30_Lge_Scrapper" tests="1" failures="0" timestamp="8 Nov 2021 10:41:27 GMT" time="1306.490" errors="0">
  <testcase name="iteraetor" time="1306.490" classname="scrappers.FPL_Top30_Lge_Scrapper"/>
</testsuite> <!-- scrappers.FPL_Top30_Lge_Scrapper -->
