<?xml version="1.0" encoding="UTF-8"?>
<!-- Generated by org.testng.reporters.JUnitReportReporter -->
<testsuite hostname="Highbury" name="validationofdifferenttestcases.excelTempTracker" tests="1" failures="0" timestamp="8 Aug 2021 16:04:10 GMT" time="6022.409" errors="0">
  <testcase name="iteraetor" time="6022.409" classname="validationofdifferenttestcases.excelTempTracker"/>
</testsuite> <!-- validationofdifferenttestcases.excelTempTracker -->
