<?xml version="1.0" encoding="UTF-8"?>
<!-- Generated by org.testng.reporters.JUnitReportReporter -->
<testsuite hostname="Highbury" name="scrappers.FPL_scrapper_advanched" tests="1" failures="0" timestamp="8 Oct 2021 23:03:50 GMT" time="70.551" errors="0">
  <testcase name="iteraetor" time="70.551" classname="scrappers.FPL_scrapper_advanched"/>
</testsuite> <!-- scrappers.FPL_scrapper_advanched -->
