<?xml version="1.0" encoding="UTF-8"?>
<!-- Generated by org.testng.reporters.JUnitReportReporter -->
<testsuite hostname="Highbury" name="scrappers.FPL_Top30_Lge_Scrapper" tests="1" failures="0" timestamp="20 Nov 2021 16:07:09 GMT" time="1750.836" errors="0">
  <testcase name="iteraetor" time="1750.836" classname="scrappers.FPL_Top30_Lge_Scrapper"/>
</testsuite> <!-- scrappers.FPL_Top30_Lge_Scrapper -->
