<?xml version="1.0" encoding="UTF-8"?>
<!-- Generated by org.testng.reporters.JUnitReportReporter -->
<testsuite hostname="Highbury" name="validationofdifferenttestcases.excelTempTracker" tests="1" failures="0" timestamp="1 Aug 2021 21:14:48 GMT" time="249.732" errors="0">
  <testcase name="iteraetor" time="249.732" classname="validationofdifferenttestcases.excelTempTracker"/>
</testsuite> <!-- validationofdifferenttestcases.excelTempTracker -->
