<?xml version="1.0" encoding="UTF-8"?>
<!-- Generated by org.testng.reporters.JUnitReportReporter -->
<testsuite hostname="Highbury" name="validationofdifferenttestcases.excelWithWeatherApp" tests="1" failures="0" timestamp="29 Jul 2021 21:31:33 GMT" time="131.066" errors="0">
  <testcase name="iteraetor" time="131.066" classname="validationofdifferenttestcases.excelWithWeatherApp"/>
</testsuite> <!-- validationofdifferenttestcases.excelWithWeatherApp -->
