<?xml version="1.0" encoding="UTF-8"?>
<!-- Generated by org.testng.reporters.JUnitReportReporter -->
<testsuite hostname="Highbury" name="authorQuotes.operaSoccer" tests="1" failures="0" timestamp="22 May 2020 20:09:14 GMT" time="135.232" errors="0">
  <testcase name="AureviourTtriggerere" time="135.232" classname="authorQuotes.operaSoccer"/>
</testsuite> <!-- authorQuotes.operaSoccer -->
