<?xml version="1.0" encoding="UTF-8"?>
<!-- Generated by org.testng.reporters.JUnitReportReporter -->
<testsuite hostname="Highbury" name="scrappers.FPL_scrapper_advanched" tests="1" failures="0" timestamp="25 Nov 2021 14:17:32 GMT" time="822.556" errors="0">
  <testcase name="FPL6" time="822.556" classname="scrappers.FPL_scrapper_advanched"/>
</testsuite> <!-- scrappers.FPL_scrapper_advanched -->
