<?xml version="1.0" encoding="UTF-8"?>
<!-- Generated by org.testng.reporters.JUnitReportReporter -->
<testsuite hostname="Highbury" name="validationofdifferenttestcases.openWeatherAPI" tests="1" failures="0" timestamp="19 Jul 2021 15:17:58 GMT" time="27.490" errors="0">
  <testcase name="weatherAPI" time="27.490" classname="validationofdifferenttestcases.openWeatherAPI"/>
</testsuite> <!-- validationofdifferenttestcases.openWeatherAPI -->
