<?xml version="1.0" encoding="UTF-8"?>
<!-- Generated by org.testng.reporters.JUnitReportReporter -->
<testsuite hostname="Highbury" name="scrappers.FPL_scrapper_zussamem" tests="2" failures="0" timestamp="1 Jan 2022 20:20:14 GMT" time="1874.510" errors="0">
  <testcase name="comics" time="310.142" classname="scrappers.FPL_scrapper_zussamem"/>
  <testcase name="StarsSports" time="1564.368" classname="scrappers.FPL_scrapper_zussamem"/>
</testsuite> <!-- scrappers.FPL_scrapper_zussamem -->
