<?xml version="1.0" encoding="UTF-8"?>
<!-- Generated by org.testng.reporters.JUnitReportReporter -->
<testsuite hostname="Highbury" name="validationofdifferenttestcases.ExcelUseOnOpenWeatherAPI" tests="1" failures="0" timestamp="27 Jul 2021 20:37:26 GMT" time="31.383" errors="0">
  <testcase name="weatherAPI" time="31.383" classname="validationofdifferenttestcases.ExcelUseOnOpenWeatherAPI"/>
</testsuite> <!-- validationofdifferenttestcases.ExcelUseOnOpenWeatherAPI -->
