<?xml version="1.0" encoding="UTF-8"?>
<!-- Generated by org.testng.reporters.JUnitReportReporter -->
<testsuite hostname="Highbury" name="scrappers.FPL_scrapper_zussamem" tests="1" failures="0" timestamp="13 Dec 2021 22:27:34 GMT" time="1375.973" errors="0">
  <testcase name="StarsSports" time="1375.973" classname="scrappers.FPL_scrapper_zussamem"/>
</testsuite> <!-- scrappers.FPL_scrapper_zussamem -->
