<?xml version="1.0" encoding="UTF-8"?>
<!-- Generated by org.testng.reporters.JUnitReportReporter -->
<testsuite hostname="Highbury" name="validationofdifferenttestcases.PwdFieldValidations" tests="1" failures="0" timestamp="20 Sep 2020 21:22:42 GMT" time="34.454" errors="0">
  <testcase name="PwdVlaidivostak" time="34.454" classname="validationofdifferenttestcases.PwdFieldValidations"/>
</testsuite> <!-- validationofdifferenttestcases.PwdFieldValidations -->
