<?xml version="1.0" encoding="UTF-8"?>
<!-- Generated by org.testng.reporters.JUnitReportReporter -->
<testsuite hostname="Highbury" name="scrappers.Sprinter" tests="1" failures="0" timestamp="2 Oct 2021 21:42:09 GMT" time="132.756" errors="0">
  <testcase name="superSprinter" time="132.756" classname="scrappers.Sprinter"/>
</testsuite> <!-- scrappers.Sprinter -->
