<?xml version="1.0" encoding="UTF-8"?>
<!-- Generated by org.testng.reporters.JUnitReportReporter -->
<testsuite hostname="Highbury" name="authorQuotes.operaSoccer" tests="1" failures="0" timestamp="22 May 2020 20:33:37 GMT" time="983.700" errors="0">
  <testcase name="AureviourTtriggerere" time="983.700" classname="authorQuotes.operaSoccer"/>
</testsuite> <!-- authorQuotes.operaSoccer -->
