<?xml version="1.0" encoding="UTF-8"?>
<!-- Generated by org.testng.reporters.JUnitReportReporter -->
<testsuite hostname="Highbury" name="validationofdifferenttestcases.FPLscrapper" tests="1" failures="0" timestamp="26 Sep 2021 21:14:26 GMT" time="109.794" errors="0">
  <testcase name="iteraetor" time="109.794" classname="validationofdifferenttestcases.FPLscrapper"/>
</testsuite> <!-- validationofdifferenttestcases.FPLscrapper -->
