<?xml version="1.0" encoding="UTF-8"?>
<!-- Generated by org.testng.reporters.JUnitReportReporter -->
<testsuite hostname="Highbury" name="validationofdifferenttestcases.gpsVier" tests="1" failures="0" timestamp="30 Aug 2020 23:23:53 GMT" time="65.620" errors="0">
  <testcase name="iteraetor" time="65.620" classname="validationofdifferenttestcases.gpsVier"/>
</testsuite> <!-- validationofdifferenttestcases.gpsVier -->
