<?xml version="1.0" encoding="UTF-8"?>
<!-- Generated by org.testng.reporters.JUnitReportReporter -->
<testsuite hostname="Highbury" name="validationofdifferenttestcases.PwdFieldValidations" tests="1" failures="0" timestamp="22 Sep 2020 06:10:14 GMT" time="30.634" errors="0">
  <testcase name="PwdVlaidivostak" time="30.634" classname="validationofdifferenttestcases.PwdFieldValidations"/>
</testsuite> <!-- validationofdifferenttestcases.PwdFieldValidations -->
