<?xml version="1.0" encoding="UTF-8"?>
<!-- Generated by org.testng.reporters.JUnitReportReporter -->
<testsuite hostname="Highbury" name="com.test.utility.DifferentPackage" tests="1" failures="0" timestamp="19 Jul 2021 14:48:35 GMT" time="0.042" errors="0">
  <testcase name="SecondAm" time="0.042" classname="com.test.utility.DifferentPackage"/>
</testsuite> <!-- com.test.utility.DifferentPackage -->
