<?xml version="1.0" encoding="UTF-8"?>
<!-- Generated by org.testng.reporters.JUnitReportReporter -->
<testsuite hostname="Highbury" name="scrappers.FPL_scrapper_zussamem" tests="1" failures="0" timestamp="28 Nov 2021 22:10:12 GMT" time="132.895" errors="0">
  <testcase name="randomGroup" time="132.895" classname="scrappers.FPL_scrapper_zussamem"/>
</testsuite> <!-- scrappers.FPL_scrapper_zussamem -->
