<?xml version="1.0" encoding="UTF-8"?>
<!-- Generated by org.testng.reporters.JUnitReportReporter -->
<testsuite hostname="Highbury" name="scrappers.Sprinter" tests="1" failures="0" timestamp="26 Sep 2021 19:27:17 GMT" time="247.931" errors="0">
  <testcase name="superSprinter" time="247.931" classname="scrappers.Sprinter"/>
</testsuite> <!-- scrappers.Sprinter -->
