<?xml version="1.0" encoding="UTF-8"?>
<!-- Generated by org.testng.reporters.JUnitReportReporter -->
<testsuite hostname="Highbury" name="scrappers.FPL_scrapper_zussamem" tests="2" failures="0" timestamp="28 Nov 2021 21:55:06 GMT" time="367.168" errors="0">
  <testcase name="test" time="256.616" classname="scrappers.FPL_scrapper_zussamem"/>
  <testcase name="randomGroup" time="110.552" classname="scrappers.FPL_scrapper_zussamem"/>
</testsuite> <!-- scrappers.FPL_scrapper_zussamem -->
