<?xml version="1.0" encoding="UTF-8"?>
<!-- Generated by org.testng.reporters.JUnitReportReporter -->
<testsuite hostname="Highbury" name="scrappers.FPL_scrapper_advanched" tests="1" failures="0" timestamp="19 Oct 2021 09:37:39 GMT" time="885.502" errors="0">
  <testcase name="iteraetor" time="885.502" classname="scrappers.FPL_scrapper_advanched"/>
</testsuite> <!-- scrappers.FPL_scrapper_advanched -->
